mode: set
github.com/pedro-rocha-meli/backpack-bcgow6-pedro-rocha/go_testing/C2_TM/cmd/internal/transactions/repository.go:34.47,38.2 1 1
github.com/pedro-rocha-meli/backpack-bcgow6-pedro-rocha/go_testing/C2_TM/cmd/internal/transactions/repository.go:40.54,43.16 3 1
github.com/pedro-rocha-meli/backpack-bcgow6-pedro-rocha/go_testing/C2_TM/cmd/internal/transactions/repository.go:46.2,46.26 1 1
github.com/pedro-rocha-meli/backpack-bcgow6-pedro-rocha/go_testing/C2_TM/cmd/internal/transactions/repository.go:43.16,45.3 1 0
github.com/pedro-rocha-meli/backpack-bcgow6-pedro-rocha/go_testing/C2_TM/cmd/internal/transactions/repository.go:49.131,54.16 3 1
github.com/pedro-rocha-meli/backpack-bcgow6-pedro-rocha/go_testing/C2_TM/cmd/internal/transactions/repository.go:58.2,68.49 3 1
github.com/pedro-rocha-meli/backpack-bcgow6-pedro-rocha/go_testing/C2_TM/cmd/internal/transactions/repository.go:71.2,71.15 1 1
github.com/pedro-rocha-meli/backpack-bcgow6-pedro-rocha/go_testing/C2_TM/cmd/internal/transactions/repository.go:54.16,56.3 1 0
github.com/pedro-rocha-meli/backpack-bcgow6-pedro-rocha/go_testing/C2_TM/cmd/internal/transactions/repository.go:68.49,70.3 1 0
github.com/pedro-rocha-meli/backpack-bcgow6-pedro-rocha/go_testing/C2_TM/cmd/internal/transactions/repository.go:74.132,79.16 3 1
github.com/pedro-rocha-meli/backpack-bcgow6-pedro-rocha/go_testing/C2_TM/cmd/internal/transactions/repository.go:83.2,94.30 3 1
github.com/pedro-rocha-meli/backpack-bcgow6-pedro-rocha/go_testing/C2_TM/cmd/internal/transactions/repository.go:102.2,102.14 1 1
github.com/pedro-rocha-meli/backpack-bcgow6-pedro-rocha/go_testing/C2_TM/cmd/internal/transactions/repository.go:106.2,106.49 1 1
github.com/pedro-rocha-meli/backpack-bcgow6-pedro-rocha/go_testing/C2_TM/cmd/internal/transactions/repository.go:110.2,110.15 1 1
github.com/pedro-rocha-meli/backpack-bcgow6-pedro-rocha/go_testing/C2_TM/cmd/internal/transactions/repository.go:79.16,81.3 1 0
github.com/pedro-rocha-meli/backpack-bcgow6-pedro-rocha/go_testing/C2_TM/cmd/internal/transactions/repository.go:94.30,95.31 1 1
github.com/pedro-rocha-meli/backpack-bcgow6-pedro-rocha/go_testing/C2_TM/cmd/internal/transactions/repository.go:95.31,99.4 3 1
github.com/pedro-rocha-meli/backpack-bcgow6-pedro-rocha/go_testing/C2_TM/cmd/internal/transactions/repository.go:102.14,104.3 1 0
github.com/pedro-rocha-meli/backpack-bcgow6-pedro-rocha/go_testing/C2_TM/cmd/internal/transactions/repository.go:106.49,108.3 1 0
github.com/pedro-rocha-meli/backpack-bcgow6-pedro-rocha/go_testing/C2_TM/cmd/internal/transactions/repository.go:113.43,117.16 3 1
github.com/pedro-rocha-meli/backpack-bcgow6-pedro-rocha/go_testing/C2_TM/cmd/internal/transactions/repository.go:120.2,122.30 2 1
github.com/pedro-rocha-meli/backpack-bcgow6-pedro-rocha/go_testing/C2_TM/cmd/internal/transactions/repository.go:129.2,129.14 1 1
github.com/pedro-rocha-meli/backpack-bcgow6-pedro-rocha/go_testing/C2_TM/cmd/internal/transactions/repository.go:133.2,133.49 1 1
github.com/pedro-rocha-meli/backpack-bcgow6-pedro-rocha/go_testing/C2_TM/cmd/internal/transactions/repository.go:137.2,137.12 1 1
github.com/pedro-rocha-meli/backpack-bcgow6-pedro-rocha/go_testing/C2_TM/cmd/internal/transactions/repository.go:117.16,119.3 1 0
github.com/pedro-rocha-meli/backpack-bcgow6-pedro-rocha/go_testing/C2_TM/cmd/internal/transactions/repository.go:122.30,123.31 1 1
github.com/pedro-rocha-meli/backpack-bcgow6-pedro-rocha/go_testing/C2_TM/cmd/internal/transactions/repository.go:123.31,126.4 2 1
github.com/pedro-rocha-meli/backpack-bcgow6-pedro-rocha/go_testing/C2_TM/cmd/internal/transactions/repository.go:129.14,131.3 1 1
github.com/pedro-rocha-meli/backpack-bcgow6-pedro-rocha/go_testing/C2_TM/cmd/internal/transactions/repository.go:133.49,135.3 1 0
github.com/pedro-rocha-meli/backpack-bcgow6-pedro-rocha/go_testing/C2_TM/cmd/internal/transactions/repository.go:140.75,145.16 3 1
github.com/pedro-rocha-meli/backpack-bcgow6-pedro-rocha/go_testing/C2_TM/cmd/internal/transactions/repository.go:149.2,152.30 3 1
github.com/pedro-rocha-meli/backpack-bcgow6-pedro-rocha/go_testing/C2_TM/cmd/internal/transactions/repository.go:160.2,160.14 1 1
github.com/pedro-rocha-meli/backpack-bcgow6-pedro-rocha/go_testing/C2_TM/cmd/internal/transactions/repository.go:164.2,164.49 1 1
github.com/pedro-rocha-meli/backpack-bcgow6-pedro-rocha/go_testing/C2_TM/cmd/internal/transactions/repository.go:168.2,168.15 1 1
github.com/pedro-rocha-meli/backpack-bcgow6-pedro-rocha/go_testing/C2_TM/cmd/internal/transactions/repository.go:145.16,147.3 1 0
github.com/pedro-rocha-meli/backpack-bcgow6-pedro-rocha/go_testing/C2_TM/cmd/internal/transactions/repository.go:152.30,153.31 1 1
github.com/pedro-rocha-meli/backpack-bcgow6-pedro-rocha/go_testing/C2_TM/cmd/internal/transactions/repository.go:153.31,157.4 3 1
github.com/pedro-rocha-meli/backpack-bcgow6-pedro-rocha/go_testing/C2_TM/cmd/internal/transactions/repository.go:160.14,162.3 1 0
github.com/pedro-rocha-meli/backpack-bcgow6-pedro-rocha/go_testing/C2_TM/cmd/internal/transactions/repository.go:164.49,166.3 1 0
github.com/pedro-rocha-meli/backpack-bcgow6-pedro-rocha/go_testing/C2_TM/cmd/internal/transactions/repository.go:171.44,174.49 2 0
github.com/pedro-rocha-meli/backpack-bcgow6-pedro-rocha/go_testing/C2_TM/cmd/internal/transactions/repository.go:177.2,177.28 1 0
github.com/pedro-rocha-meli/backpack-bcgow6-pedro-rocha/go_testing/C2_TM/cmd/internal/transactions/repository.go:181.2,181.50 1 0
github.com/pedro-rocha-meli/backpack-bcgow6-pedro-rocha/go_testing/C2_TM/cmd/internal/transactions/repository.go:174.49,176.3 1 0
github.com/pedro-rocha-meli/backpack-bcgow6-pedro-rocha/go_testing/C2_TM/cmd/internal/transactions/repository.go:177.28,179.3 1 0
github.com/pedro-rocha-meli/backpack-bcgow6-pedro-rocha/go_testing/C2_TM/cmd/internal/transactions/service.go:15.39,19.2 1 1
github.com/pedro-rocha-meli/backpack-bcgow6-pedro-rocha/go_testing/C2_TM/cmd/internal/transactions/service.go:21.51,23.2 1 0
github.com/pedro-rocha-meli/backpack-bcgow6-pedro-rocha/go_testing/C2_TM/cmd/internal/transactions/service.go:25.120,27.16 2 0
github.com/pedro-rocha-meli/backpack-bcgow6-pedro-rocha/go_testing/C2_TM/cmd/internal/transactions/service.go:30.2,31.69 2 0
github.com/pedro-rocha-meli/backpack-bcgow6-pedro-rocha/go_testing/C2_TM/cmd/internal/transactions/service.go:27.16,29.3 1 0
github.com/pedro-rocha-meli/backpack-bcgow6-pedro-rocha/go_testing/C2_TM/cmd/internal/transactions/service.go:34.129,36.2 1 1
github.com/pedro-rocha-meli/backpack-bcgow6-pedro-rocha/go_testing/C2_TM/cmd/internal/transactions/service.go:38.40,40.2 1 1
github.com/pedro-rocha-meli/backpack-bcgow6-pedro-rocha/go_testing/C2_TM/cmd/internal/transactions/service.go:42.72,44.2 1 0
